февр. 29, 2024 7:15:51 PM _Java.Log.M22_Files.LoggerDemo main
WARNING: New Year's Day
февр. 29, 2024 7:15:52 PM _Java.Log.M22_Files.LoggerDemo main
WARNING: Martin Luther King Jr. Day
февр. 29, 2024 7:15:52 PM _Java.Log.M22_Files.LoggerDemo main
WARNING: Inauguration Day (<span title="District of Columbia">DC</span>, <span title="Maryland: partly">MD*</span>, <span title="Virginia: partly">VA*</span>)
февр. 29, 2024 7:15:52 PM _Java.Log.M22_Files.LoggerDemo main
WARNING: Presidents' Day
февр. 29, 2024 7:15:52 PM _Java.Log.M22_Files.LoggerDemo main
WARNING: Memorial Day
февр. 29, 2024 7:15:52 PM _Java.Log.M22_Files.LoggerDemo main
WARNING: 'Juneteenth' day off
февр. 29, 2024 7:15:52 PM _Java.Log.M22_Files.LoggerDemo main
WARNING: 'Independence Day' day off
февр. 29, 2024 7:15:52 PM _Java.Log.M22_Files.LoggerDemo main
WARNING: Labor Day
февр. 29, 2024 7:15:52 PM _Java.Log.M22_Files.LoggerDemo main
WARNING: Columbus Day
февр. 29, 2024 7:15:52 PM _Java.Log.M22_Files.LoggerDemo main
WARNING: Veterans Day
февр. 29, 2024 7:15:52 PM _Java.Log.M22_Files.LoggerDemo main
WARNING: Thanksgiving Day
февр. 29, 2024 7:15:52 PM _Java.Log.M22_Files.LoggerDemo main
WARNING: 'Christmas Day' day off
февр. 29, 2024 7:15:52 PM _Java.Log.M22_Files.LoggerDemo main
WARNING: 'New Year's Day' day off
